<?xml version="1.0" encoding="UTF-8"?>
<testsuite xmlns:xsi="http://www.w3.org/2001/XMLSchema-instance" xsi:noNamespaceSchemaLocation="https://maven.apache.org/surefire/maven-surefire-plugin/xsd/surefire-test-report.xsd" name="com.test.step.definitions.RunCukesTest" time="0.583" tests="4" errors="0" skipped="3" failures="0">
  <properties>
[...]
</properties>
  <testcase name="Given I navigate to &quot;stage_rc&quot;" classname="Scenario: validate Central Saas login for existing user" time="0">
    <skipped/>
  </testcase>
  <testcase name="Then I should see page title as &quot; Sign in to Portworx &quot;" classname="Scenario: validate Central Saas login for existing user" time="0">
    <skipped/>
  </testcase>
  <testcase name="Scenario: validate Central Saas login for existing user" classname="Scenario: validate Central Saas login for existing user" time="0">
    <skipped/>
  </testcase>
  <testcase name="Scenario: validate Central Saas login for existing user" classname="Scenario: validate Central Saas login for existing user" time="0.009"/>
</testsuite>